[6496:1230/215041:INFO:CONSOLE(761)] ""rendered file:///E:/PersonalProjects/Web/SJSUArcadeLauncher/launcher/assets/style.less successfully."", source: file:///E:/PersonalProjects/Web/SJSUArcadeLauncher/launcher/bower_components/less/dist/less.js (761)
[6496:1230/215041:INFO:CONSOLE(761)] ""css for file:///E:/PersonalProjects/Web/SJSUArcadeLauncher/launcher/assets/style.less generated in 55ms"", source: file:///E:/PersonalProjects/Web/SJSUArcadeLauncher/launcher/bower_components/less/dist/less.js (761)
[6496:1230/215041:INFO:CONSOLE(761)] ""less has finished. css generated in 55ms"", source: file:///E:/PersonalProjects/Web/SJSUArcadeLauncher/launcher/bower_components/less/dist/less.js (761)
[6496:1230/215041:INFO:CONSOLE(27)] "42", source: file:///E:/PersonalProjects/Web/SJSUArcadeLauncher/launcher/src/backend.js (27)
[6496:1230/215041:INFO:CONSOLE(43)] ""e:\\PersonalProjects\\Web\\SJSUArcadeLauncher\\launcherConfig.json"", source: file:///E:/PersonalProjects/Web/SJSUArcadeLauncher/launcher/src/backend.js (43)
[6496:1230/215044:INFO:CONSOLE(125)] ""e:\\PersonalProjects\\Web\\SJSUArcadeLauncher\\_gameData\\day10\\game\\day10.exe"", source: file:///E:/PersonalProjects/Web/SJSUArcadeLauncher/launcher/src/backend.js (125)
[6496:1230/215108:INFO:CONSOLE(761)] ""rendered file:///E:/PersonalProjects/Web/SJSUArcadeLauncher/launcher/assets/style.less successfully."", source: file:///E:/PersonalProjects/Web/SJSUArcadeLauncher/launcher/bower_components/less/dist/less.js (761)
[6496:1230/215108:INFO:CONSOLE(761)] ""css for file:///E:/PersonalProjects/Web/SJSUArcadeLauncher/launcher/assets/style.less generated in 52ms"", source: file:///E:/PersonalProjects/Web/SJSUArcadeLauncher/launcher/bower_components/less/dist/less.js (761)
[6496:1230/215108:INFO:CONSOLE(761)] ""less has finished. css generated in 52ms"", source: file:///E:/PersonalProjects/Web/SJSUArcadeLauncher/launcher/bower_components/less/dist/less.js (761)
[6496:1230/215108:INFO:CONSOLE(27)] "42", source: file:///E:/PersonalProjects/Web/SJSUArcadeLauncher/launcher/src/backend.js (27)
[6496:1230/215108:INFO:CONSOLE(43)] ""e:\\PersonalProjects\\Web\\SJSUArcadeLauncher\\launcherConfig.json"", source: file:///E:/PersonalProjects/Web/SJSUArcadeLauncher/launcher/src/backend.js (43)
[6496:1230/215109:INFO:CONSOLE(125)] ""e:\\PersonalProjects\\Web\\SJSUArcadeLauncher\\_gameData\\day10\\game\\day10.exe"", source: file:///E:/PersonalProjects/Web/SJSUArcadeLauncher/launcher/src/backend.js (125)
[6496:1230/215111:INFO:CONSOLE(125)] ""e:\\PersonalProjects\\Web\\SJSUArcadeLauncher\\_gameData\\fairy_invasion\\game\\fairy_invasion.exe"", source: file:///E:/PersonalProjects/Web/SJSUArcadeLauncher/launcher/src/backend.js (125)
[6496:1230/215116:INFO:CONSOLE(125)] ""e:\\PersonalProjects\\Web\\SJSUArcadeLauncher\\_gameData\\day10\\game\\day10.exe"", source: file:///E:/PersonalProjects/Web/SJSUArcadeLauncher/launcher/src/backend.js (125)
[6496:1230/215118:INFO:CONSOLE(125)] ""e:\\PersonalProjects\\Web\\SJSUArcadeLauncher\\_gameData\\day10\\game\\day10.exe"", source: file:///E:/PersonalProjects/Web/SJSUArcadeLauncher/launcher/src/backend.js (125)
[6496:1230/215120:INFO:CONSOLE(125)] ""e:\\PersonalProjects\\Web\\SJSUArcadeLauncher\\_gameData\\day10\\game\\day10.exe"", source: file:///E:/PersonalProjects/Web/SJSUArcadeLauncher/launcher/src/backend.js (125)
[6496:1230/215121:INFO:CONSOLE(125)] ""e:\\PersonalProjects\\Web\\SJSUArcadeLauncher\\_gameData\\day10\\game\\day10.exe"", source: file:///E:/PersonalProjects/Web/SJSUArcadeLauncher/launcher/src/backend.js (125)
[6496:1230/215153:INFO:CONSOLE(761)] ""rendered file:///E:/PersonalProjects/Web/SJSUArcadeLauncher/launcher/assets/style.less successfully."", source: file:///E:/PersonalProjects/Web/SJSUArcadeLauncher/launcher/bower_components/less/dist/less.js (761)
[6496:1230/215153:INFO:CONSOLE(761)] ""css for file:///E:/PersonalProjects/Web/SJSUArcadeLauncher/launcher/assets/style.less generated in 52ms"", source: file:///E:/PersonalProjects/Web/SJSUArcadeLauncher/launcher/bower_components/less/dist/less.js (761)
[6496:1230/215153:INFO:CONSOLE(761)] ""less has finished. css generated in 52ms"", source: file:///E:/PersonalProjects/Web/SJSUArcadeLauncher/launcher/bower_components/less/dist/less.js (761)
[6496:1230/215153:INFO:CONSOLE(27)] "42", source: file:///E:/PersonalProjects/Web/SJSUArcadeLauncher/launcher/src/backend.js (27)
[6496:1230/215153:INFO:CONSOLE(43)] ""e:\\PersonalProjects\\Web\\SJSUArcadeLauncher\\launcherConfig.json"", source: file:///E:/PersonalProjects/Web/SJSUArcadeLauncher/launcher/src/backend.js (43)
[6496:1230/215155:INFO:CONSOLE(125)] ""e:\\PersonalProjects\\Web\\SJSUArcadeLauncher\\_gameData\\day10\\game\\day10.exe"", source: file:///E:/PersonalProjects/Web/SJSUArcadeLauncher/launcher/src/backend.js (125)
[6496:1230/215156:INFO:CONSOLE(125)] ""e:\\PersonalProjects\\Web\\SJSUArcadeLauncher\\_gameData\\day10\\game\\day10.exe"", source: file:///E:/PersonalProjects/Web/SJSUArcadeLauncher/launcher/src/backend.js (125)
[6496:1230/215158:INFO:CONSOLE(125)] ""e:\\PersonalProjects\\Web\\SJSUArcadeLauncher\\_gameData\\day10\\game\\day10.exe"", source: file:///E:/PersonalProjects/Web/SJSUArcadeLauncher/launcher/src/backend.js (125)
[6496:1230/215201:INFO:CONSOLE(125)] ""e:\\PersonalProjects\\Web\\SJSUArcadeLauncher\\_gameData\\kiss\\game\\kiss.exe"", source: file:///E:/PersonalProjects/Web/SJSUArcadeLauncher/launcher/src/backend.js (125)
[6496:1230/215203:INFO:CONSOLE(125)] ""e:\\PersonalProjects\\Web\\SJSUArcadeLauncher\\_gameData\\Nepenthes\\game\\Nepenthes.exe"", source: file:///E:/PersonalProjects/Web/SJSUArcadeLauncher/launcher/src/backend.js (125)
[6496:1230/215204:INFO:CONSOLE(125)] ""e:\\PersonalProjects\\Web\\SJSUArcadeLauncher\\_gameData\\PewPew\\game\\PewPew.exe"", source: file:///E:/PersonalProjects/Web/SJSUArcadeLauncher/launcher/src/backend.js (125)
[6496:1230/215206:INFO:CONSOLE(125)] ""e:\\PersonalProjects\\Web\\SJSUArcadeLauncher\\_gameData\\dadius\\dadius.exe"", source: file:///E:/PersonalProjects/Web/SJSUArcadeLauncher/launcher/src/backend.js (125)
[6496:1230/215209:INFO:CONSOLE(125)] ""e:\\PersonalProjects\\Web\\SJSUArcadeLauncher\\_gameData\\swiftly_working_poland\\game\\Swiftly Working Poland.exe"", source: file:///E:/PersonalProjects/Web/SJSUArcadeLauncher/launcher/src/backend.js (125)
[6496:1230/215419:INFO:CONSOLE(125)] ""e:\\PersonalProjects\\Web\\SJSUArcadeLauncher\\_gameData\\sylvia\\game\\sylvia_arcade.exe"", source: file:///E:/PersonalProjects/Web/SJSUArcadeLauncher/launcher/src/backend.js (125)
[6496:1230/215421:INFO:CONSOLE(125)] ""e:\\PersonalProjects\\Web\\SJSUArcadeLauncher\\_gameData\\dont_blow_up\\game\\dont-blow-up.exe"", source: file:///E:/PersonalProjects/Web/SJSUArcadeLauncher/launcher/src/backend.js (125)
[6496:1230/215425:INFO:CONSOLE(125)] ""e:\\PersonalProjects\\Web\\SJSUArcadeLauncher\\_gameData\\dadius\\dadius.exe"", source: file:///E:/PersonalProjects/Web/SJSUArcadeLauncher/launcher/src/backend.js (125)
[6496:1230/215444:INFO:CONSOLE(0)] "'KeyboardEvent.keyLocation' is deprecated. Please use 'KeyboardEvent.location' instead.", source:  (0)
[6496:1230/215444:INFO:CONSOLE(185)] "", source: file:///E:/PersonalProjects/Web/SJSUArcadeLauncher/launcher/src/frontend.js (185)
[6496:1230/215444:INFO:CONSOLE(186)] "38", source: file:///E:/PersonalProjects/Web/SJSUArcadeLauncher/launcher/src/frontend.js (186)
[6496:1230/215451:INFO:CONSOLE(125)] ""e:\\PersonalProjects\\Web\\SJSUArcadeLauncher\\_gameData\\kiss\\game\\kiss.exe"", source: file:///E:/PersonalProjects/Web/SJSUArcadeLauncher/launcher/src/backend.js (125)
[6496:1230/215455:INFO:CONSOLE(125)] ""e:\\PersonalProjects\\Web\\SJSUArcadeLauncher\\_gameData\\fairy_invasion\\game\\fairy_invasion.exe"", source: file:///E:/PersonalProjects/Web/SJSUArcadeLauncher/launcher/src/backend.js (125)
[6496:1230/215459:INFO:CONSOLE(125)] ""e:\\PersonalProjects\\Web\\SJSUArcadeLauncher\\_gameData\\day10\\game\\day10.exe"", source: file:///E:/PersonalProjects/Web/SJSUArcadeLauncher/launcher/src/backend.js (125)
[6496:1230/215502:INFO:CONSOLE(125)] ""e:\\PersonalProjects\\Web\\SJSUArcadeLauncher\\_gameData\\dadius\\dadius.exe"", source: file:///E:/PersonalProjects/Web/SJSUArcadeLauncher/launcher/src/backend.js (125)
[6496:1230/215542:INFO:CONSOLE(761)] ""rendered file:///E:/PersonalProjects/Web/SJSUArcadeLauncher/launcher/assets/style.less successfully."", source: file:///E:/PersonalProjects/Web/SJSUArcadeLauncher/launcher/bower_components/less/dist/less.js (761)
[6496:1230/215542:INFO:CONSOLE(761)] ""css for file:///E:/PersonalProjects/Web/SJSUArcadeLauncher/launcher/assets/style.less generated in 55ms"", source: file:///E:/PersonalProjects/Web/SJSUArcadeLauncher/launcher/bower_components/less/dist/less.js (761)
[6496:1230/215542:INFO:CONSOLE(761)] ""less has finished. css generated in 55ms"", source: file:///E:/PersonalProjects/Web/SJSUArcadeLauncher/launcher/bower_components/less/dist/less.js (761)
[6496:1230/215542:INFO:CONSOLE(27)] "42", source: file:///E:/PersonalProjects/Web/SJSUArcadeLauncher/launcher/src/backend.js (27)
[6496:1230/215542:INFO:CONSOLE(43)] ""e:\\PersonalProjects\\Web\\SJSUArcadeLauncher\\launcherConfig.json"", source: file:///E:/PersonalProjects/Web/SJSUArcadeLauncher/launcher/src/backend.js (43)
[6496:1230/215549:INFO:CONSOLE(125)] ""e:\\PersonalProjects\\Web\\SJSUArcadeLauncher\\_gameData\\day10\\game\\day10.exe"", source: file:///E:/PersonalProjects/Web/SJSUArcadeLauncher/launcher/src/backend.js (125)
[6496:1230/215620:INFO:CONSOLE(761)] ""rendered file:///E:/PersonalProjects/Web/SJSUArcadeLauncher/launcher/assets/style.less successfully."", source: file:///E:/PersonalProjects/Web/SJSUArcadeLauncher/launcher/bower_components/less/dist/less.js (761)
[6496:1230/215620:INFO:CONSOLE(761)] ""css for file:///E:/PersonalProjects/Web/SJSUArcadeLauncher/launcher/assets/style.less generated in 55ms"", source: file:///E:/PersonalProjects/Web/SJSUArcadeLauncher/launcher/bower_components/less/dist/less.js (761)
[6496:1230/215620:INFO:CONSOLE(761)] ""less has finished. css generated in 55ms"", source: file:///E:/PersonalProjects/Web/SJSUArcadeLauncher/launcher/bower_components/less/dist/less.js (761)
[6496:1230/215620:INFO:CONSOLE(27)] "42", source: file:///E:/PersonalProjects/Web/SJSUArcadeLauncher/launcher/src/backend.js (27)
[6496:1230/215620:INFO:CONSOLE(43)] ""e:\\PersonalProjects\\Web\\SJSUArcadeLauncher\\launcherConfig.json"", source: file:///E:/PersonalProjects/Web/SJSUArcadeLauncher/launcher/src/backend.js (43)
[6496:1230/215621:INFO:CONSOLE(125)] ""e:\\PersonalProjects\\Web\\SJSUArcadeLauncher\\_gameData\\day10\\game\\day10.exe"", source: file:///E:/PersonalProjects/Web/SJSUArcadeLauncher/launcher/src/backend.js (125)
[6496:1230/215622:INFO:CONSOLE(125)] ""e:\\PersonalProjects\\Web\\SJSUArcadeLauncher\\_gameData\\fairy_invasion\\game\\fairy_invasion.exe"", source: file:///E:/PersonalProjects/Web/SJSUArcadeLauncher/launcher/src/backend.js (125)
[6496:1230/215625:INFO:CONSOLE(125)] ""e:\\PersonalProjects\\Web\\SJSUArcadeLauncher\\_gameData\\day10\\game\\day10.exe"", source: file:///E:/PersonalProjects/Web/SJSUArcadeLauncher/launcher/src/backend.js (125)
[6496:1230/215627:INFO:CONSOLE(125)] ""e:\\PersonalProjects\\Web\\SJSUArcadeLauncher\\_gameData\\day10\\game\\day10.exe"", source: file:///E:/PersonalProjects/Web/SJSUArcadeLauncher/launcher/src/backend.js (125)
[6496:1230/215637:INFO:CONSOLE(761)] ""rendered file:///E:/PersonalProjects/Web/SJSUArcadeLauncher/launcher/assets/style.less successfully."", source: file:///E:/PersonalProjects/Web/SJSUArcadeLauncher/launcher/bower_components/less/dist/less.js (761)
[6496:1230/215637:INFO:CONSOLE(761)] ""css for file:///E:/PersonalProjects/Web/SJSUArcadeLauncher/launcher/assets/style.less generated in 62ms"", source: file:///E:/PersonalProjects/Web/SJSUArcadeLauncher/launcher/bower_components/less/dist/less.js (761)
[6496:1230/215637:INFO:CONSOLE(761)] ""less has finished. css generated in 63ms"", source: file:///E:/PersonalProjects/Web/SJSUArcadeLauncher/launcher/bower_components/less/dist/less.js (761)
[6496:1230/215637:INFO:CONSOLE(27)] "42", source: file:///E:/PersonalProjects/Web/SJSUArcadeLauncher/launcher/src/backend.js (27)
[6496:1230/215637:INFO:CONSOLE(43)] ""e:\\PersonalProjects\\Web\\SJSUArcadeLauncher\\launcherConfig.json"", source: file:///E:/PersonalProjects/Web/SJSUArcadeLauncher/launcher/src/backend.js (43)
[6496:1230/215638:INFO:CONSOLE(125)] ""e:\\PersonalProjects\\Web\\SJSUArcadeLauncher\\_gameData\\day10\\game\\day10.exe"", source: file:///E:/PersonalProjects/Web/SJSUArcadeLauncher/launcher/src/backend.js (125)
[6496:1230/215639:INFO:CONSOLE(125)] ""e:\\PersonalProjects\\Web\\SJSUArcadeLauncher\\_gameData\\day10\\game\\day10.exe"", source: file:///E:/PersonalProjects/Web/SJSUArcadeLauncher/launcher/src/backend.js (125)
[6496:1230/215641:INFO:CONSOLE(125)] ""e:\\PersonalProjects\\Web\\SJSUArcadeLauncher\\_gameData\\day10\\game\\day10.exe"", source: file:///E:/PersonalProjects/Web/SJSUArcadeLauncher/launcher/src/backend.js (125)
[6496:1230/215642:INFO:CONSOLE(125)] ""e:\\PersonalProjects\\Web\\SJSUArcadeLauncher\\some\\game\\yeah.exe"", source: file:///E:/PersonalProjects/Web/SJSUArcadeLauncher/launcher/src/backend.js (125)
[6496:1230/215644:INFO:CONSOLE(125)] ""e:\\PersonalProjects\\Web\\SJSUArcadeLauncher\\_gameData\\day10\\game\\day10.exe"", source: file:///E:/PersonalProjects/Web/SJSUArcadeLauncher/launcher/src/backend.js (125)
[6496:1230/215646:INFO:CONSOLE(125)] ""e:\\PersonalProjects\\Web\\SJSUArcadeLauncher\\_gameData\\day10\\game\\day10.exe"", source: file:///E:/PersonalProjects/Web/SJSUArcadeLauncher/launcher/src/backend.js (125)
[6496:1230/215650:INFO:CONSOLE(125)] ""e:\\PersonalProjects\\Web\\SJSUArcadeLauncher\\_gameData\\day10\\game\\day10.exe"", source: file:///E:/PersonalProjects/Web/SJSUArcadeLauncher/launcher/src/backend.js (125)
[6496:1230/215711:INFO:CONSOLE(125)] ""e:\\PersonalProjects\\Web\\SJSUArcadeLauncher\\_gameData\\PewPew\\game\\PewPew.exe"", source: file:///E:/PersonalProjects/Web/SJSUArcadeLauncher/launcher/src/backend.js (125)
[6496:1230/215712:INFO:CONSOLE(125)] ""e:\\PersonalProjects\\Web\\SJSUArcadeLauncher\\_gameData\\dadius\\dadius.exe"", source: file:///E:/PersonalProjects/Web/SJSUArcadeLauncher/launcher/src/backend.js (125)
[6496:1230/215714:INFO:CONSOLE(125)] ""e:\\PersonalProjects\\Web\\SJSUArcadeLauncher\\_gameData\\prismic_shift\\game\\prismic_shift.exe"", source: file:///E:/PersonalProjects/Web/SJSUArcadeLauncher/launcher/src/backend.js (125)
[6496:1230/215717:INFO:CONSOLE(125)] ""e:\\PersonalProjects\\Web\\SJSUArcadeLauncher\\_gameData\\day10\\game\\day10.exe"", source: file:///E:/PersonalProjects/Web/SJSUArcadeLauncher/launcher/src/backend.js (125)
[6496:1230/215725:INFO:CONSOLE(125)] ""e:\\PersonalProjects\\Web\\SJSUArcadeLauncher\\_gameData\\day10\\game\\day10.exe"", source: file:///E:/PersonalProjects/Web/SJSUArcadeLauncher/launcher/src/backend.js (125)
